<?xml version="1.0" encoding="UTF-8"?>
<!-- Generated by org.testng.reporters.JUnitReportReporter -->
<testsuite hostname="CSP-DIN-FRM0032" failures="0" tests="1" name="tests.PomSauceDemoTest" time="4.065" errors="0" timestamp="2024-01-14T22:59:55 CET" skipped="0">
  <testcase classname="tests.PomSauceDemoTest" name="sauceDemoTest" time="4.065"/>
  <system-out/>
</testsuite> <!-- tests.PomSauceDemoTest -->
